<?xml version="1.0" encoding="UTF-8"?><testsuite errors="0" failures="0" name="com.bestbuy.services.ServicesCURDTest" skipped="0" tests="4" time="3.45" timestamp="2022-06-07T21:53:07.269+01:00[Europe/London]"><testcase classname="com.bestbuy.services.ServicesCURDTest" name="This will create a New service"/><testcase classname="com.bestbuy.services.ServicesCURDTest" name="Verify if the service was added to the application"/><testcase classname="com.bestbuy.services.ServicesCURDTest" name="Update the service information"/><testcase classname="com.bestbuy.services.ServicesCURDTest" name="service the product by ID"/></testsuite>