<?xml version="1.0" encoding="UTF-8"?><testsuite errors="0" failures="0" name="com.bestbuy.product.ProductCURDTest" skipped="0" tests="4" time="3.59" timestamp="2022-06-06T23:00:41.721+01:00[Europe/London]"><testcase classname="com.bestbuy.product.ProductCURDTest" name="This will create a New product"/><testcase classname="com.bestbuy.product.ProductCURDTest" name="Verify if the Product was added to the application"/><testcase classname="com.bestbuy.product.ProductCURDTest" name="Update the product information"/><testcase classname="com.bestbuy.product.ProductCURDTest" name="Delete the product by ID"/></testsuite>