<?xml version="1.0" encoding="UTF-8"?><testsuite errors="0" failures="0" name="com.bestbuy.categories.CategoriesCURDTest" skipped="0" tests="4" time="3.34" timestamp="2022-06-06T22:16:46.077+01:00[Europe/London]"><testcase classname="com.bestbuy.categories.CategoriesCURDTest" name="This will create a New Category"/><testcase classname="com.bestbuy.categories.CategoriesCURDTest" name="Verify if the Category was added to the application"/><testcase classname="com.bestbuy.categories.CategoriesCURDTest" name="Update the Category information"/><testcase classname="com.bestbuy.categories.CategoriesCURDTest" name="Delete the product by ID"/></testsuite>